2014-09-18 17:47:08 I: The scheduller is actived at tcp://*:5555
2014-09-18 17:47:08 I: Scheduler starts at %s
2014-09-18 17:47:21 I: The scheduller is actived at tcp://*:5555
2014-09-18 17:47:21 I: Scheduler starts at %s
2014-09-18 17:48:05 I: The scheduller is actived at tcp://*:5555
2014-09-18 17:48:05 I: Scheduler starts at %s
2014-09-18 17:49:26 I: The scheduller is actived at tcp://*:5555
2014-09-18 17:49:26 I: Scheduler starts at %s
2014-09-18 17:49:31 I: The scheduller is actived at tcp://*:5555
2014-09-18 17:49:31 I: Scheduler starts at %s
2014-09-18 17:50:38 I: The scheduller is actived at tcp://*:5555
2014-09-18 17:50:38 I: Scheduler starts at %s
2014-09-18 17:50:47 I: The scheduller is actived at tcp://*:5555
2014-09-18 17:50:47 I: Scheduler starts at %s 
2014-09-18 17:50:51 I: The scheduller is actived at tcp://*:5555
2014-09-18 17:50:51 I: Scheduler starts at %s 
2014-09-18 17:52:31 I: The scheduller is actived at tcp://*:5555
2014-09-18 17:52:31 I: Scheduler starts at tcp://*:5555 
2014-09-22 12:46:50 I: The scheduller is actived at tcp://*:5555
2014-09-22 12:46:50 I: Scheduler starts at tcp://*:5555 
2014-09-22 14:08:57 I: The scheduller is actived at tcp://*:5555
2014-09-22 14:10:27 I: The scheduller is actived at tcp://*:5555
2014-09-22 14:11:26 I: The scheduller is actived at tcp://*:5555
2014-09-22 14:11:26 I: Scheduler starts at tcp://*:5555 
2014-09-22 14:15:21 I: The scheduller is actived at tcp://*:5555
2014-09-22 14:15:21 I: Scheduler starts at tcp://*:5555 
2014-09-22 14:15:25 I: The scheduller is actived at tcp://*:5555
2014-09-22 14:15:25 I: Scheduler starts at tcp://*:5555 
2014-09-22 14:16:14 I: The scheduller is actived at tcp://*:5555
2014-09-22 14:16:14 I: Scheduler starts at tcp://*:5555 
2014-09-22 14:20:58 I: The scheduller is actived at tcp://*:5555
2014-09-22 14:20:58 I: Scheduler starts at tcp://*:5555 
2014-09-22 14:31:34 I: The scheduller is actived at tcp://*:5555
2014-09-22 14:31:34 I: Scheduler starts at tcp://*:5555 
2014-09-22 14:35:29 I: The scheduller is actived at tcp://*:5555
2014-09-22 14:35:29 I: Scheduler starts at tcp://*:5555 
2014-09-22 14:40:09 I: The scheduller is actived at tcp://*:5555
2014-09-22 14:40:09 I: Scheduler starts at tcp://*:5555 
2014-09-22 14:44:14 I: The scheduller is actived at tcp://*:5555
2014-09-22 14:44:14 I: Scheduler starts at tcp://*:5555 
2014-09-22 14:45:58 I: The scheduller is actived at tcp://*:5555
2014-09-22 14:45:58 I: Scheduler starts at tcp://*:5555 
2014-09-22 15:24:53 I: The scheduller is actived at tcp://*:5555
2014-09-22 15:24:53 I: Scheduler starts at tcp://*:5555 
2014-09-22 15:25:45 I: The scheduller is actived at tcp://*:5555
2014-09-22 15:25:45 I: Scheduler starts at tcp://*:5555 
2014-09-22 15:28:16 I: The scheduller is actived at tcp://*:5555
2014-09-22 15:28:16 I: Scheduler starts at tcp://*:5555 
2014-09-22 15:31:10 I: The scheduller is actived at tcp://*:5555
2014-09-22 15:31:10 I: Scheduler starts at tcp://*:5555 
2014-09-22 15:47:27 I: The scheduller is actived at tcp://*:5555
2014-09-22 15:47:27 I: Scheduler starts at tcp://*:5555 
2014-09-22 15:48:18 I: The scheduller is actived at tcp://*:5555
2014-09-22 15:48:18 I: Scheduler starts at tcp://*:5555 
2014-09-22 15:48:48 I: The scheduller is actived at tcp://*:5555
2014-09-22 15:48:48 I: Scheduler starts at tcp://*:5555 
2014-09-22 15:49:52 I: The scheduller is actived at tcp://*:5555
2014-09-22 15:49:52 I: Scheduler starts at tcp://*:5555 
2014-09-22 15:50:42 I: The scheduller is actived at tcp://*:5555
2014-09-22 15:50:42 I: Scheduler starts at tcp://*:5555 
2014-09-22 15:53:57 I: The scheduller is actived at tcp://*:5555
2014-09-22 15:53:57 I: Scheduler starts at tcp://*:5555 
2014-09-22 15:54:31 I: The scheduller is actived at tcp://*:5555
2014-09-22 15:54:31 I: Scheduler starts at tcp://*:5555 
2014-09-22 15:56:43 I: The scheduller is actived at tcp://*:5555
2014-09-22 15:56:43 I: Scheduler starts at tcp://*:5555 
2014-09-22 16:00:05 I: The scheduller is actived at tcp://*:5555
2014-09-22 16:00:05 I: Scheduler starts at tcp://*:5555 
2014-09-22 16:01:45 I: The scheduller is actived at tcp://*:5555
2014-09-22 16:01:45 I: Scheduler starts at tcp://*:5555 
2014-09-22 16:02:13 I: The scheduller is actived at tcp://*:5555
2014-09-22 16:02:13 I: Scheduler starts at tcp://*:5555 
2014-09-22 16:02:44 I: The scheduller is actived at tcp://*:5555
2014-09-22 16:02:44 I: Scheduler starts at tcp://*:5555 
2014-09-22 16:05:41 I: The scheduller is actived at tcp://*:5555
2014-09-22 16:05:41 I: Scheduler starts at tcp://*:5555 
2014-09-22 16:06:29 I: The scheduller is actived at tcp://*:5555
2014-09-22 16:06:29 I: Scheduler starts at tcp://*:5555 
2014-09-22 16:07:35 I: The scheduller is actived at tcp://*:5555
2014-09-22 16:07:35 I: Scheduler starts at tcp://*:5555 
2014-09-22 16:07:56 I: The scheduller is actived at tcp://*:5555
2014-09-22 16:07:56 I: Scheduler starts at tcp://*:5555 
2014-09-22 16:19:46 I: The scheduller is actived at tcp://*:5555
2014-09-22 16:19:46 I: Scheduler starts at tcp://*:5555 
2014-09-22 16:20:29 I: The scheduller is actived at tcp://*:5555
2014-09-22 16:20:29 I: Scheduler starts at tcp://*:5555 
2014-09-22 16:49:59 I: The scheduller is actived at tcp://*:5555
2014-09-22 16:49:59 I: Scheduler starts at tcp://*:5555 
2014-09-22 16:51:04 I: The scheduller is actived at tcp://*:5555
2014-09-22 16:51:04 I: Scheduler starts at tcp://*:5555 
2014-09-22 16:51:07 E: invalid message.. Aborting..
2014-09-22 16:51:57 I: The scheduller is actived at tcp://*:5555
2014-09-22 16:51:57 I: Scheduler starts at tcp://*:5555 
2014-09-22 16:51:57 E: invalid message.. Aborting..
2014-09-22 16:52:22 I: The scheduller is actived at tcp://*:5555
2014-09-22 16:52:22 I: Scheduler starts at tcp://*:5555 
2014-09-22 17:21:21 I: ------------------------ Starting a new connection ---------------------------
2014-09-22 17:21:21 I: The scheduller is actived at tcp://*:5555
2014-09-22 17:21:21 I: Scheduler starts at tcp://*:5555 
2014-09-22 17:26:43 I: ------------------------ Starting a new connection ---------------------------
2014-09-22 17:26:43 I: The scheduller is actived at tcp://*:5555
2014-09-22 17:26:43 I: Scheduler starts at tcp://*:5555 
2014-09-22 17:27:30 I: ------------------------ Starting a new connection ---------------------------
2014-09-22 17:27:30 I: The scheduller is actived at tcp://*:5555
2014-09-22 17:27:30 I: Scheduler starts at tcp://*:5555 
2014-09-22 17:32:59 I: ------------------------ Starting a new connection ---------------------------
2014-09-22 17:32:59 I: The scheduller is actived at tcp://*:5555
2014-09-22 17:32:59 I: Scheduler starts at tcp://*:5555 
2014-09-22 17:47:28 I: ------------------------ Starting a new connection ---------------------------
2014-09-22 17:47:28 I: The scheduller is actived at tcp://*:5555
2014-09-22 17:47:28 I: Scheduler starts at tcp://*:5555 
2014-09-22 17:48:57 I: ------------------------ Starting a new connection ---------------------------
2014-09-22 17:48:57 I: The scheduller is actived at tcp://*:5555
2014-09-22 17:48:57 I: Scheduler starts at tcp://*:5555 
2014-09-22 17:55:44 I: ------------------------ Starting a new connection ---------------------------
2014-09-22 17:55:44 I: The scheduller is actived at tcp://*:5555
2014-09-22 17:55:44 I: Scheduler starts at tcp://*:5555 
2014-09-22 18:02:13 I: ------------------------ Starting a new connection ---------------------------
2014-09-22 18:02:13 I: The scheduller is actived at tcp://*:5555
2014-09-22 18:02:13 I: Scheduler starts at tcp://*:5555 
2014-09-22 18:02:17 E: invalid message.. Aborting..
2014-09-22 18:05:07 I: ------------------------ Starting a new connection ---------------------------
2014-09-22 18:05:07 I: The scheduller is actived at tcp://*:5555
2014-09-22 18:05:07 I: Scheduler starts at tcp://*:5555 
2014-09-22 18:56:48 I: ------------------------ Starting a new connection ---------------------------
2014-09-22 18:56:48 I: The scheduller is actived at tcp://*:5555
2014-09-22 18:56:48 I: Scheduler starts at tcp://*:5555 
2014-09-22 18:57:44 I: ------------------------ Starting a new connection ---------------------------
2014-09-22 18:57:44 I: The scheduller is actived at tcp://*:5555
2014-09-22 18:57:44 I: Scheduler starts at tcp://*:5555 
2014-09-22 18:58:30 I: ------------------------ Starting a new connection ---------------------------
2014-09-22 18:58:30 I: The scheduller is actived at tcp://*:5555
2014-09-22 18:58:30 I: Scheduler starts at tcp://*:5555 
2014-09-22 18:58:52 I: ------------------------ Starting a new connection ---------------------------
2014-09-22 18:58:52 I: The scheduller is actived at tcp://*:5555
2014-09-22 18:58:52 I: Scheduler starts at tcp://*:5555 
2014-09-22 18:59:42 I: ------------------------ Starting a new connection ---------------------------
2014-09-22 18:59:42 I: The scheduller is actived at tcp://*:5555
2014-09-22 18:59:42 I: Scheduler starts at tcp://*:5555 
2014-09-22 19:22:09 I: ------------------------ Starting a new connection ---------------------------
2014-09-22 19:22:09 I: The scheduller is actived at tcp://*:5555
2014-09-22 19:22:09 I: Scheduler starts at tcp://*:5555 
2014-09-22 19:24:48 I: ------------------------ Starting a new connection ---------------------------
2014-09-22 19:24:48 I: The scheduller is actived at tcp://*:5555
2014-09-22 19:24:48 I: Scheduler starts at tcp://*:5555 
2014-09-22 19:25:33 I: ------------------------ Starting a new connection ---------------------------
2014-09-22 19:25:33 I: The scheduller is actived at tcp://*:5555
2014-09-22 19:25:33 I: Scheduler starts at tcp://*:5555 
2014-09-22 19:26:22 I: ------------------------ Starting a new connection ---------------------------
2014-09-22 19:26:22 I: The scheduller is actived at tcp://*:5555
2014-09-22 19:26:22 I: Scheduler starts at tcp://*:5555 
2014-09-22 19:32:53 I: ------------------------ Starting a new connection ---------------------------
2014-09-22 19:32:53 I: The scheduller is actived at tcp://*:5555
2014-09-22 19:32:53 I: Scheduler starts at tcp://*:5555 
2014-09-24 14:09:50 I: ------------------------ Starting a new connection ---------------------------
2014-09-24 14:09:50 I: The scheduller is actived at tcp://*:5555
2014-09-24 14:09:50 I: Scheduler starts at tcp://*:5555 
2014-09-24 14:19:43 I: ------------------------ Starting a new connection ---------------------------
2014-09-24 14:19:43 I: The scheduller is actived at tcp://*:5555
2014-09-24 14:19:43 I: Scheduler starts at tcp://*:5555 
2014-10-07 18:02:40 I: ------------------------ Starting a new connection ---------------------------
2014-10-07 18:02:40 I: The scheduller is actived at tcp://*:5555
2014-10-07 18:02:40 I: Scheduler starts at tcp://*:5555 
2014-10-07 18:38:38 I: ------------------------ Starting a new connection ---------------------------
2014-10-07 18:38:38 I: The scheduller is actived at tcp://*:5555
2014-10-07 18:38:38 I: Scheduler starts at tcp://*:5555 
2014-10-28 19:13:38 I: ------------------------ Starting a new connection ---------------------------
2014-10-28 19:13:38 I: The scheduller is actived at tcp://*:5555
2014-10-28 19:13:38 I: Scheduler starts at tcp://*:5555 
2014-10-29 14:56:52 I: ------------------------ Starting a new connection ---------------------------
2014-10-29 14:56:52 I: The scheduller is actived at tcp://*:5555
2014-10-29 14:56:52 I: Scheduler starts at tcp://*:5555 
2014-10-29 15:02:09 I: ------------------------ Starting a new connection ---------------------------
2014-10-29 15:02:09 I: The scheduller is actived at tcp://*:5555
2014-10-29 15:02:09 I: Scheduler starts at tcp://*:5555 
2014-10-29 15:02:56 I: ------------------------ Starting a new connection ---------------------------
2014-10-29 15:02:56 I: The scheduller is actived at tcp://*:5555
2014-10-29 15:02:56 I: Scheduler starts at tcp://*:5555 
2014-10-29 15:03:41 I: ------------------------ Starting a new connection ---------------------------
2014-10-29 15:03:41 I: The scheduller is actived at tcp://*:5555
2014-10-29 15:03:41 I: Scheduler starts at tcp://*:5555 
2014-10-29 15:14:55 I: ------------------------ Starting a new connection ---------------------------
2014-10-29 15:14:55 I: The scheduller is actived at tcp://*:5555
2014-10-29 15:14:55 I: Scheduler starts at tcp://*:5555 
2014-10-29 15:15:36 I: ------------------------ Starting a new connection ---------------------------
2014-10-29 15:15:36 I: The scheduller is actived at tcp://*:5555
2014-10-29 15:15:36 I: Scheduler starts at tcp://*:5555 
2014-10-29 15:24:54 I: ------------------------ Starting a new connection ---------------------------
2014-10-29 15:24:54 I: The scheduller is actived at tcp://*:5555
2014-10-29 15:24:54 I: Scheduler starts at tcp://*:5555 
2014-10-29 15:27:59 I: ------------------------ Starting a new connection ---------------------------
2014-10-29 15:27:59 I: The scheduller is actived at tcp://*:5555
2014-10-29 15:27:59 I: Scheduler starts at tcp://*:5555 
2014-10-29 15:29:39 I: ------------------------ Starting a new connection ---------------------------
2014-10-29 15:29:39 I: The scheduller is actived at tcp://*:5555
2014-10-29 15:29:39 I: Scheduler starts at tcp://*:5555 
2014-10-29 18:06:24 I: ------------------------ Starting a new connection ---------------------------
2014-10-29 18:06:24 I: The scheduller is actived at tcp://*:5555
2014-10-29 18:06:24 I: Scheduler starts at tcp://*:5555 
2014-10-29 18:13:45 I: ------------------------ Starting a new connection ---------------------------
2014-10-29 18:13:45 I: The scheduller is actived at tcp://*:5555
2014-10-29 18:13:45 I: Scheduler starts at tcp://*:5555 
2014-10-29 18:15:14 I: ------------------------ Starting a new connection ---------------------------
2014-10-29 18:15:14 I: The scheduller is actived at tcp://*:5555
2014-10-29 18:15:14 I: Scheduler starts at tcp://*:5555 
2014-10-30 17:26:08 I: ------------------------ Starting a new connection ---------------------------
2014-10-30 17:26:08 I: The scheduller is actived at tcp://*:5555
2014-10-30 17:26:08 I: Scheduler starts at tcp://*:5555 
2014-10-30 18:24:12 I: ------------------------ Starting a new connection ---------------------------
2014-10-30 18:24:12 I: The scheduller is actived at tcp://*:5555
2014-10-30 18:24:12 I: Scheduler starts at tcp://*:5555 
2014-10-30 18:24:50 I: ------------------------ Starting a new connection ---------------------------
2014-10-30 18:24:50 I: The scheduller is actived at tcp://*:5555
2014-10-30 18:24:50 I: Scheduler starts at tcp://*:5555 
2014-10-30 18:25:35 I: ------------------------ Starting a new connection ---------------------------
2014-10-30 18:25:35 I: The scheduller is actived at tcp://*:5555
2014-10-30 18:25:35 I: Scheduler starts at tcp://*:5555 
2014-10-30 18:25:59 I: ------------------------ Starting a new connection ---------------------------
2014-10-30 18:25:59 I: The scheduller is actived at tcp://*:5555
2014-10-30 18:25:59 I: Scheduler starts at tcp://*:5555 
2014-10-30 18:27:02 I: ------------------------ Starting a new connection ---------------------------
2014-10-30 18:27:02 I: The scheduller is actived at tcp://*:5555
2014-10-30 18:27:02 I: Scheduler starts at tcp://*:5555 
2014-10-30 18:44:54 I: ------------------------ Starting a new connection ---------------------------
2014-10-30 18:44:54 I: The scheduller is actived at tcp://*:5555
2014-10-30 18:44:54 I: Scheduler starts at tcp://*:5555 
2014-10-30 18:45:44 I: ------------------------ Starting a new connection ---------------------------
2014-10-30 18:45:44 I: The scheduller is actived at tcp://*:5555
2014-10-30 18:45:44 I: Scheduler starts at tcp://*:5555 
2014-10-30 18:46:42 I: ------------------------ Starting a new connection ---------------------------
2014-10-30 18:46:42 I: The scheduller is actived at tcp://*:5555
2014-10-30 18:46:42 I: Scheduler starts at tcp://*:5555 
2014-10-30 18:55:05 I: ------------------------ Starting a new connection ---------------------------
2014-10-30 18:55:05 I: The scheduller is actived at tcp://*:5555
2014-10-30 18:55:05 I: Scheduler starts at tcp://*:5555 
2014-10-30 19:03:20 I: ------------------------ Starting a new connection ---------------------------
2014-10-30 19:03:20 I: The scheduller is actived at tcp://*:5555
2014-10-30 19:03:20 I: Scheduler starts at tcp://*:5555 
2014-10-30 19:04:15 I: ------------------------ Starting a new connection ---------------------------
2014-10-30 19:04:15 I: The scheduller is actived at tcp://*:5555
2014-10-30 19:04:15 I: Scheduler starts at tcp://*:5555 
2014-10-30 19:22:59 I: ------------------------ Starting a new connection ---------------------------
2014-10-30 19:22:59 I: The scheduller is actived at tcp://*:5555
2014-10-30 19:22:59 I: Scheduler starts at tcp://*:5555 
2014-10-30 19:25:39 I: ------------------------ Starting a new connection ---------------------------
2014-10-30 19:25:39 I: The scheduller is actived at tcp://*:5555
2014-10-30 19:25:39 I: Scheduler starts at tcp://*:5555 
2014-10-30 19:26:17 I: ------------------------ Starting a new connection ---------------------------
2014-10-30 19:26:17 I: The scheduller is actived at tcp://*:5555
2014-10-30 19:26:17 I: Scheduler starts at tcp://*:5555 
2014-10-31 21:13:28 I: ------------------------ Starting a new connection ---------------------------
2014-10-31 21:13:28 I: The scheduller is actived at tcp://*:5555
2014-10-31 21:13:28 I: Scheduler starts at tcp://*:5555 
2014-10-31 21:49:14 I: ------------------------ Starting a new connection ---------------------------
2014-10-31 21:49:14 I: The scheduller is actived at tcp://*:5555
2014-10-31 21:49:14 I: Scheduler starts at tcp://*:5555 
2014-10-31 21:51:51 I: ------------------------ Starting a new connection ---------------------------
2014-10-31 21:51:51 I: The scheduller is actived at tcp://*:5555
2014-10-31 21:51:51 I: Scheduler starts at tcp://*:5555 
2014-10-31 22:12:13 I: ------------------------ Starting a new connection ---------------------------
2014-10-31 22:14:55 I: ------------------------ Starting a new connection ---------------------------
2014-11-05 12:35:55 I: ------------------------ Starting a new connection ---------------------------
2014-11-05 12:38:57 I: ------------------------ Starting a new connection ---------------------------
2014-11-05 12:39:30 I: ------------------------ Starting a new connection ---------------------------
2014-11-05 12:39:30 I: The scheduller is actived at tcp://*:5555
2014-11-05 12:39:30 I: Scheduler starts at tcp://*:5555 
2014-11-05 12:39:35 I: ------------------------ Starting a new connection ---------------------------
2014-11-05 12:39:35 I: The scheduller is actived at tcp://*:5555
2014-11-05 12:39:35 I: Scheduler starts at tcp://*:5555 
2014-11-05 13:57:49 I: ------------------------ Starting a new connection ---------------------------
2014-11-05 13:57:49 I: The scheduller is actived at tcp://*:5555
2014-11-05 13:57:49 I: Scheduler starts at tcp://*:5555 
2014-11-05 14:11:10 I: ------------------------ Starting a new connection ---------------------------
2014-11-05 14:11:10 I: The scheduller is actived at tcp://*:5555
2014-11-05 14:11:10 I: Scheduler starts at tcp://*:5555 
2014-11-05 14:12:03 I: ------------------------ Starting a new connection ---------------------------
2014-11-05 14:12:03 I: The scheduller is actived at tcp://*:5555
2014-11-05 14:12:03 I: Scheduler starts at tcp://*:5555 
2014-11-05 14:12:08 E: invalid message.. Aborting..
2014-11-05 14:15:18 I: ------------------------ Starting a new connection ---------------------------
2014-11-05 14:15:18 I: The scheduller is actived at tcp://*:5555
2014-11-05 14:15:18 I: Scheduler starts at tcp://*:5555 
2014-11-05 14:15:21 E: invalid message.. Aborting..
2014-11-05 14:16:22 I: ------------------------ Starting a new connection ---------------------------
2014-11-05 14:16:22 I: The scheduller is actived at tcp://*:5555
2014-11-05 14:16:22 I: Scheduler starts at tcp://*:5555 
2014-11-05 14:16:24 E: invalid message.. Aborting..
2014-11-05 14:16:56 I: ------------------------ Starting a new connection ---------------------------
2014-11-05 14:16:56 I: The scheduller is actived at tcp://*:5555
2014-11-05 14:16:56 I: Scheduler starts at tcp://*:5555 
2014-11-05 14:17:01 E: invalid message.. Aborting..
2014-11-05 14:17:35 I: ------------------------ Starting a new connection ---------------------------
2014-11-05 14:17:35 I: The scheduller is actived at tcp://*:5555
2014-11-05 14:17:35 I: Scheduler starts at tcp://*:5555 
2014-11-05 14:17:39 E: invalid message.. Aborting..
2014-11-05 14:18:11 I: ------------------------ Starting a new connection ---------------------------
2014-11-05 14:18:11 I: The scheduller is actived at tcp://*:5555
2014-11-05 14:18:11 I: Scheduler starts at tcp://*:5555 
2014-11-05 14:18:14 E: invalid message.. Aborting..
2014-11-05 14:19:05 I: ------------------------ Starting a new connection ---------------------------
2014-11-05 14:19:05 I: The scheduller is actived at tcp://*:5555
2014-11-05 14:19:05 I: Scheduler starts at tcp://*:5555 
2014-11-05 14:19:08 E: invalid message.. Aborting..
2014-11-05 14:20:52 I: ------------------------ Starting a new connection ---------------------------
2014-11-05 14:20:52 I: The scheduller is actived at tcp://*:5555
2014-11-05 14:20:52 I: Scheduler starts at tcp://*:5555 
2014-11-05 14:20:56 E: invalid message.. Aborting..
2014-11-05 14:24:57 I: ------------------------ Starting a new connection ---------------------------
2014-11-05 14:24:57 I: The scheduller is actived at tcp://*:5555
2014-11-05 14:24:57 I: Scheduler starts at tcp://*:5555 
2014-11-10 19:48:04 I: ------------------------ Starting a new connection ---------------------------
2014-11-10 19:48:04 I: The scheduller is actived at tcp://*:5555
2014-11-10 19:48:04 I: Scheduler starts at tcp://*:5555 
2014-11-10 19:48:48 I: ------------------------ Starting a new connection ---------------------------
2014-11-10 19:48:48 I: The scheduller is actived at tcp://*:5555
2014-11-10 19:48:48 I: Scheduler starts at tcp://*:5555 
2014-11-10 19:51:40 I: ------------------------ Starting a new connection ---------------------------
2014-11-10 19:51:40 I: The scheduller is actived at tcp://*:5555
2014-11-10 19:51:40 I: Scheduler starts at tcp://*:5555 
2014-11-10 20:05:43 I: ------------------------ Starting a new connection ---------------------------
2014-11-10 20:05:43 I: The scheduller is actived at tcp://*:5555
2014-11-10 20:05:43 I: Scheduler starts at tcp://*:5555 
2014-11-11 09:55:12 I: ------------------------ Starting a new connection ---------------------------
2014-11-11 09:55:12 I: The scheduller is actived at tcp://*:5555
2014-11-11 09:55:12 I: Scheduler starts at tcp://*:5555 
2014-11-11 09:55:54 I: ------------------------ Starting a new connection ---------------------------
2014-11-11 09:55:54 I: The scheduller is actived at tcp://*:5555
2014-11-11 09:55:54 I: Scheduler starts at tcp://*:5555 
2014-11-11 10:00:10 I: ------------------------ Starting a new connection ---------------------------
2014-11-11 10:00:10 I: The scheduller is actived at tcp://*:5555
2014-11-11 10:00:10 I: Scheduler starts at tcp://*:5555 
2014-11-11 10:00:49 I: ------------------------ Starting a new connection ---------------------------
2014-11-11 10:00:49 I: The scheduller is actived at tcp://*:5555
2014-11-11 10:00:49 I: Scheduler starts at tcp://*:5555 
2014-11-11 11:02:11 I: ------------------------ Starting a new connection ---------------------------
2014-11-11 11:02:11 I: The scheduller is actived at tcp://*:5555
2014-11-11 11:02:11 I: Scheduler starts at tcp://*:5555 
2014-11-11 11:06:21 I: ------------------------ Starting a new connection ---------------------------
2014-11-11 11:06:21 I: The scheduller is actived at tcp://*:5555
2014-11-11 11:06:21 I: Scheduler starts at tcp://*:5555 
2014-11-11 11:06:56 I: ------------------------ Starting a new connection ---------------------------
2014-11-11 11:06:56 I: The scheduller is actived at tcp://*:5555
2014-11-11 11:06:56 I: Scheduler starts at tcp://*:5555 
2014-11-11 11:07:34 I: ------------------------ Starting a new connection ---------------------------
2014-11-11 11:07:34 I: The scheduller is actived at tcp://*:5555
2014-11-11 11:07:34 I: Scheduler starts at tcp://*:5555 
2014-11-11 11:09:31 I: ------------------------ Starting a new connection ---------------------------
2014-11-11 11:09:31 I: The scheduller is actived at tcp://*:5555
2014-11-11 11:09:31 I: Scheduler starts at tcp://*:5555 
2014-11-11 11:10:20 I: ------------------------ Starting a new connection ---------------------------
2014-11-11 11:10:20 I: The scheduller is actived at tcp://*:5555
2014-11-11 11:10:20 I: Scheduler starts at tcp://*:5555 
2014-11-11 11:10:47 I: ------------------------ Starting a new connection ---------------------------
2014-11-11 11:10:47 I: The scheduller is actived at tcp://*:5555
2014-11-11 11:10:47 I: Scheduler starts at tcp://*:5555 
2014-11-11 11:11:21 I: ------------------------ Starting a new connection ---------------------------
2014-11-11 11:11:21 I: The scheduller is actived at tcp://*:5555
2014-11-11 11:11:21 I: Scheduler starts at tcp://*:5555 
2014-11-11 11:12:31 I: ------------------------ Starting a new connection ---------------------------
2014-11-11 11:12:31 I: The scheduller is actived at tcp://*:5555
2014-11-11 11:12:31 I: Scheduler starts at tcp://*:5555 
2014-11-11 11:13:18 I: ------------------------ Starting a new connection ---------------------------
2014-11-11 11:13:18 I: The scheduller is actived at tcp://*:5555
2014-11-11 11:13:18 I: Scheduler starts at tcp://*:5555 
2014-11-11 11:14:01 I: ------------------------ Starting a new connection ---------------------------
2014-11-11 11:14:01 I: The scheduller is actived at tcp://*:5555
2014-11-11 11:14:01 I: Scheduler starts at tcp://*:5555 
2014-11-11 11:14:05 E: invalid message.. Aborting..
2014-11-11 11:34:22 I: ------------------------ Starting a new connection ---------------------------
2014-11-11 11:34:22 I: The scheduller is actived at tcp://*:5555
2014-11-11 11:34:22 I: Scheduler starts at tcp://*:5555 
2014-11-11 11:35:34 I: ------------------------ Starting a new connection ---------------------------
2014-11-11 11:35:34 I: The scheduller is actived at tcp://*:5555
2014-11-11 11:35:34 I: Scheduler starts at tcp://*:5555 
2014-11-11 11:36:28 I: ------------------------ Starting a new connection ---------------------------
2014-11-11 11:36:28 I: The scheduller is actived at tcp://*:5555
2014-11-11 11:36:28 I: Scheduler starts at tcp://*:5555 
2014-11-11 11:37:21 I: ------------------------ Starting a new connection ---------------------------
2014-11-11 11:37:21 I: The scheduller is actived at tcp://*:5555
2014-11-11 11:37:21 I: Scheduler starts at tcp://*:5555 
2014-11-11 11:40:06 I: ------------------------ Starting a new connection ---------------------------
2014-11-11 11:40:06 I: The scheduller is actived at tcp://*:5555
2014-11-11 11:40:06 I: Scheduler starts at tcp://*:5555 
2014-11-11 12:08:55 I: ------------------------ Starting a new connection ---------------------------
2014-11-11 12:08:55 I: The scheduller is actived at tcp://*:5555
2014-11-11 12:08:55 I: Scheduler starts at tcp://*:5555 
2014-11-11 12:09:43 I: ------------------------ Starting a new connection ---------------------------
2014-11-11 12:09:43 I: The scheduller is actived at tcp://*:5555
2014-11-11 12:09:43 I: Scheduler starts at tcp://*:5555 
2014-11-11 12:10:13 I: ------------------------ Starting a new connection ---------------------------
2014-11-11 12:10:13 I: The scheduller is actived at tcp://*:5555
2014-11-11 12:10:13 I: Scheduler starts at tcp://*:5555 
2014-11-11 12:10:53 I: ------------------------ Starting a new connection ---------------------------
2014-11-11 12:10:53 I: The scheduller is actived at tcp://*:5555
2014-11-11 12:10:53 I: Scheduler starts at tcp://*:5555 
2014-11-11 12:12:46 I: ------------------------ Starting a new connection ---------------------------
2014-11-11 12:12:46 I: The scheduller is actived at tcp://*:5555
2014-11-11 12:12:46 I: Scheduler starts at tcp://*:5555 
2014-11-11 12:13:42 I: ------------------------ Starting a new connection ---------------------------
2014-11-11 12:13:42 I: The scheduller is actived at tcp://*:5555
2014-11-11 12:13:42 I: Scheduler starts at tcp://*:5555 
2014-11-11 14:39:06 I: ------------------------ Starting a new connection ---------------------------
2014-11-11 14:39:06 I: The scheduller is actived at tcp://*:5555
2014-11-11 14:39:06 I: Scheduler starts at tcp://*:5555 
2014-11-11 14:39:38 I: ------------------------ Starting a new connection ---------------------------
2014-11-11 14:39:38 I: The scheduller is actived at tcp://*:5555
2014-11-11 14:39:38 I: Scheduler starts at tcp://*:5555 
2014-11-11 14:54:26 I: ------------------------ Starting a new connection ---------------------------
2014-11-11 14:54:26 I: The scheduller is actived at tcp://*:5555
2014-11-11 14:54:26 I: Scheduler starts at tcp://*:5555 
2014-11-11 17:36:43 I: ------------------------ Starting a new connection ---------------------------
2014-11-11 17:36:43 I: The scheduller is actived at tcp://*:5555
2014-11-11 17:36:43 I: Scheduler starts at tcp://*:5555 
2014-11-11 17:40:47 I: ------------------------ Starting a new connection ---------------------------
2014-11-11 17:40:47 I: The scheduller is actived at tcp://*:5555
2014-11-11 17:40:47 I: Scheduler starts at tcp://*:5555 
2014-11-11 17:41:46 I: ------------------------ Starting a new connection ---------------------------
2014-11-11 17:41:46 I: The scheduller is actived at tcp://*:5555
2014-11-11 17:41:46 I: Scheduler starts at tcp://*:5555 
2014-11-11 17:48:20 I: ------------------------ Starting a new connection ---------------------------
2014-11-11 17:48:20 I: The scheduller is actived at tcp://*:5555
2014-11-11 17:48:20 I: Scheduler starts at tcp://*:5555 
2014-11-11 17:49:48 I: ------------------------ Starting a new connection ---------------------------
2014-11-11 17:49:48 I: The scheduller is actived at tcp://*:5555
2014-11-11 17:49:48 I: Scheduler starts at tcp://*:5555 
2014-11-11 17:50:47 I: ------------------------ Starting a new connection ---------------------------
2014-11-11 17:50:47 I: The scheduller is actived at tcp://*:5555
2014-11-11 17:50:47 I: Scheduler starts at tcp://*:5555 
2014-11-11 17:56:43 I: ------------------------ Starting a new connection ---------------------------
2014-11-11 17:56:43 I: The scheduller is actived at tcp://*:5555
2014-11-11 17:56:43 I: Scheduler starts at tcp://*:5555 
2014-11-11 17:58:34 I: ------------------------ Starting a new connection ---------------------------
2014-11-11 17:58:34 I: The scheduller is actived at tcp://*:5555
2014-11-11 17:58:34 I: Scheduler starts at tcp://*:5555 
2014-11-11 18:02:46 I: ------------------------ Starting a new connection ---------------------------
2014-11-11 18:02:46 I: The scheduller is actived at tcp://*:5555
2014-11-11 18:02:46 I: Scheduler starts at tcp://*:5555 
2014-11-11 18:03:08 I: ------------------------ Starting a new connection ---------------------------
2014-11-11 18:03:08 I: The scheduller is actived at tcp://*:5555
2014-11-11 18:03:08 I: Scheduler starts at tcp://*:5555 
2014-11-11 18:04:40 I: ------------------------ Starting a new connection ---------------------------
2014-11-11 18:04:40 I: The scheduller is actived at tcp://*:5555
2014-11-11 18:04:40 I: Scheduler starts at tcp://*:5555 
2014-11-11 18:05:01 I: ------------------------ Starting a new connection ---------------------------
2014-11-11 18:05:01 I: The scheduller is actived at tcp://*:5555
2014-11-11 18:05:01 I: Scheduler starts at tcp://*:5555 
2014-11-11 18:05:30 I: ------------------------ Starting a new connection ---------------------------
2014-11-11 18:05:30 I: The scheduller is actived at tcp://*:5555
2014-11-11 18:05:30 I: Scheduler starts at tcp://*:5555 
2014-11-11 18:06:01 I: ------------------------ Starting a new connection ---------------------------
2014-11-11 18:06:01 I: The scheduller is actived at tcp://*:5555
2014-11-11 18:06:01 I: Scheduler starts at tcp://*:5555 
2014-11-11 18:07:12 I: ------------------------ Starting a new connection ---------------------------
2014-11-11 18:07:12 I: The scheduller is actived at tcp://*:5555
2014-11-11 18:07:12 I: Scheduler starts at tcp://*:5555 
2014-11-11 18:17:40 I: ------------------------ Starting a new connection ---------------------------
2014-11-11 18:17:40 I: The scheduller is actived at tcp://*:5555
2014-11-11 18:17:40 I: Scheduler starts at tcp://*:5555 
2014-11-11 18:18:38 I: ------------------------ Starting a new connection ---------------------------
2014-11-11 18:18:38 I: The scheduller is actived at tcp://*:5555
2014-11-11 18:18:38 I: Scheduler starts at tcp://*:5555 
2014-11-11 18:21:42 I: ------------------------ Starting a new connection ---------------------------
2014-11-11 18:21:42 I: The scheduller is actived at tcp://*:5555
2014-11-11 18:21:42 I: Scheduler starts at tcp://*:5555 
2014-11-11 18:23:25 I: ------------------------ Starting a new connection ---------------------------
2014-11-11 18:23:25 I: The scheduller is actived at tcp://*:5555
2014-11-11 18:23:25 I: Scheduler starts at tcp://*:5555 
2014-11-11 18:25:00 I: ------------------------ Starting a new connection ---------------------------
2014-11-11 18:25:00 I: The scheduller is actived at tcp://*:5555
2014-11-11 18:25:00 I: Scheduler starts at tcp://*:5555 
2014-11-11 18:26:23 I: ------------------------ Starting a new connection ---------------------------
2014-11-11 18:26:23 I: The scheduller is actived at tcp://*:5555
2014-11-11 18:26:23 I: Scheduler starts at tcp://*:5555 
2014-11-11 18:29:17 I: ------------------------ Starting a new connection ---------------------------
2014-11-11 18:29:17 I: The scheduller is actived at tcp://*:5555
2014-11-11 18:29:17 I: Scheduler starts at tcp://*:5555 
2014-11-11 18:36:34 I: ------------------------ Starting a new connection ---------------------------
2014-11-11 18:36:34 I: The scheduller is actived at tcp://*:5555
2014-11-11 18:36:34 I: Scheduler starts at tcp://*:5555 
2014-11-11 18:39:46 I: ------------------------ Starting a new connection ---------------------------
2014-11-11 18:39:46 I: The scheduller is actived at tcp://*:5555
2014-11-11 18:39:46 I: Scheduler starts at tcp://*:5555 
2014-11-11 18:40:08 I: ------------------------ Starting a new connection ---------------------------
2014-11-11 18:40:08 I: The scheduller is actived at tcp://*:5555
2014-11-11 18:40:08 I: Scheduler starts at tcp://*:5555 
2014-11-11 19:37:08 I: ------------------------ Starting a new connection ---------------------------
2014-11-11 19:37:08 I: The scheduller is actived at tcp://*:5555
2014-11-11 19:37:08 I: Scheduler starts at tcp://*:5555 
2014-11-11 19:37:56 I: ------------------------ Starting a new connection ---------------------------
2014-11-11 19:37:56 I: The scheduller is actived at tcp://*:5555
2014-11-11 19:37:56 I: Scheduler starts at tcp://*:5555 
2014-11-11 19:38:24 I: ------------------------ Starting a new connection ---------------------------
2014-11-11 19:38:24 I: The scheduller is actived at tcp://*:5555
2014-11-11 19:38:24 I: Scheduler starts at tcp://*:5555 
2014-11-11 19:38:58 I: ------------------------ Starting a new connection ---------------------------
2014-11-11 19:38:58 I: The scheduller is actived at tcp://*:5555
2014-11-11 19:38:58 I: Scheduler starts at tcp://*:5555 
2014-11-11 19:39:48 I: ------------------------ Starting a new connection ---------------------------
2014-11-11 19:39:48 I: The scheduller is actived at tcp://*:5555
2014-11-11 19:39:48 I: Scheduler starts at tcp://*:5555 
2014-11-11 19:41:48 I: ------------------------ Starting a new connection ---------------------------
2014-11-11 19:41:48 I: The scheduller is actived at tcp://*:5555
2014-11-11 19:41:48 I: Scheduler starts at tcp://*:5555 
2014-11-11 19:44:16 I: ------------------------ Starting a new connection ---------------------------
2014-11-11 19:44:16 I: The scheduller is actived at tcp://*:5555
2014-11-11 19:44:16 I: Scheduler starts at tcp://*:5555 
2014-11-11 19:45:13 I: ------------------------ Starting a new connection ---------------------------
2014-11-11 19:45:13 I: The scheduller is actived at tcp://*:5555
2014-11-11 19:45:13 I: Scheduler starts at tcp://*:5555 
2014-11-11 19:56:13 I: ------------------------ Starting a new connection ---------------------------
2014-11-11 19:56:33 I: ------------------------ Starting a new connection ---------------------------
2014-11-11 19:56:33 I: The scheduller is actived at tcp://*:5555
2014-11-11 19:56:33 I: Scheduler starts at tcp://*:5555 
2014-11-11 19:57:58 I: ------------------------ Starting a new connection ---------------------------
2014-11-11 19:57:58 I: The scheduller is actived at tcp://*:5555
2014-11-11 19:57:58 I: Scheduler starts at tcp://*:5555 
2014-11-11 19:58:21 I: ------------------------ Starting a new connection ---------------------------
2014-11-11 19:58:21 I: The scheduller is actived at tcp://*:5555
2014-11-11 19:58:21 I: Scheduler starts at tcp://*:5555 
2014-11-11 20:01:05 I: ------------------------ Starting a new connection ---------------------------
2014-11-11 20:01:05 I: The scheduller is actived at tcp://*:5555
2014-11-11 20:01:05 I: Scheduler starts at tcp://*:5555 
2014-11-11 20:02:27 I: ------------------------ Starting a new connection ---------------------------
2014-11-11 20:02:27 I: The scheduller is actived at tcp://*:5555
2014-11-11 20:02:27 I: Scheduler starts at tcp://*:5555 
2014-11-11 20:03:47 I: ------------------------ Starting a new connection ---------------------------
2014-11-11 20:03:47 I: The scheduller is actived at tcp://*:5555
2014-11-11 20:03:47 I: Scheduler starts at tcp://*:5555 
2014-11-11 20:04:11 I: ------------------------ Starting a new connection ---------------------------
2014-11-11 20:04:11 I: The scheduller is actived at tcp://*:5555
2014-11-11 20:04:11 I: Scheduler starts at tcp://*:5555 
2014-11-17 14:26:20 I: ------------------------ Starting a new connection ---------------------------
2014-11-17 14:26:20 I: The scheduller is actived at tcp://*:5555
2014-11-17 14:26:20 I: Scheduler starts at tcp://*:5555 
2014-11-17 14:28:20 I: ------------------------ Starting a new connection ---------------------------
2014-11-17 14:28:20 I: The scheduller is actived at tcp://*:5555
2014-11-17 14:28:20 I: Scheduler starts at tcp://*:5555 
2014-11-17 14:46:28 I: ------------------------ Starting a new connection ---------------------------
2014-11-17 14:46:28 I: The scheduller is actived at tcp://*:5555
2014-11-17 14:46:28 I: Scheduler starts at tcp://*:5555 
2014-11-17 14:55:47 I: ------------------------ Starting a new connection ---------------------------
2014-11-17 14:55:47 I: The scheduller is actived at tcp://*:5555
2014-11-17 14:55:47 I: Scheduler starts at tcp://*:5555 
2014-11-17 14:56:10 I: ------------------------ Starting a new connection ---------------------------
2014-11-17 14:56:10 I: The scheduller is actived at tcp://*:5555
2014-11-17 14:56:10 I: Scheduler starts at tcp://*:5555 
2014-11-17 14:56:26 I: ------------------------ Starting a new connection ---------------------------
2014-11-17 14:56:26 I: The scheduller is actived at tcp://*:5555
2014-11-17 14:56:26 I: Scheduler starts at tcp://*:5555 
2014-11-17 14:59:01 I: ------------------------ Starting a new connection ---------------------------
2014-11-17 14:59:01 I: The scheduller is actived at tcp://*:5555
2014-11-17 14:59:01 I: Scheduler starts at tcp://*:5555 
2014-11-17 15:11:45 I: ------------------------ Starting a new connection ---------------------------
2014-11-17 15:11:45 I: The scheduller is actived at tcp://*:5555
2014-11-17 15:11:45 I: Scheduler starts at tcp://*:5555 
2014-11-17 15:12:09 I: ------------------------ Starting a new connection ---------------------------
2014-11-17 15:12:09 I: The scheduller is actived at tcp://*:5555
2014-11-17 15:12:09 I: Scheduler starts at tcp://*:5555 
2014-11-17 15:12:28 I: ------------------------ Starting a new connection ---------------------------
2014-11-17 15:12:28 I: The scheduller is actived at tcp://*:5555
2014-11-17 15:12:28 I: Scheduler starts at tcp://*:5555 
2014-11-17 15:12:46 I: ------------------------ Starting a new connection ---------------------------
2014-11-17 15:12:46 I: The scheduller is actived at tcp://*:5555
2014-11-17 15:12:46 I: Scheduler starts at tcp://*:5555 
2014-11-17 15:13:48 I: ------------------------ Starting a new connection ---------------------------
2014-11-17 15:13:48 I: The scheduller is actived at tcp://*:5555
2014-11-17 15:13:48 I: Scheduler starts at tcp://*:5555 
2014-11-17 15:19:50 I: ------------------------ Starting a new connection ---------------------------
2014-11-17 15:19:50 I: The scheduller is actived at tcp://*:5555
2014-11-17 15:19:50 I: Scheduler starts at tcp://*:5555 
2014-11-17 15:21:41 I: ------------------------ Starting a new connection ---------------------------
2014-11-17 15:21:41 I: The scheduller is actived at tcp://*:5555
2014-11-17 15:21:41 I: Scheduler starts at tcp://*:5555 
2014-11-17 15:22:13 I: ------------------------ Starting a new connection ---------------------------
2014-11-17 15:22:13 I: The scheduller is actived at tcp://*:5555
2014-11-17 15:22:13 I: Scheduler starts at tcp://*:5555 
2014-11-17 15:23:01 I: ------------------------ Starting a new connection ---------------------------
2014-11-17 15:23:01 I: The scheduller is actived at tcp://*:5555
2014-11-17 15:23:01 I: Scheduler starts at tcp://*:5555 
2014-11-17 15:23:37 I: ------------------------ Starting a new connection ---------------------------
2014-11-17 15:23:37 I: The scheduller is actived at tcp://*:5555
2014-11-17 15:23:37 I: Scheduler starts at tcp://*:5555 
2014-11-17 15:23:52 I: ------------------------ Starting a new connection ---------------------------
2014-11-17 15:23:52 I: The scheduller is actived at tcp://*:5555
2014-11-17 15:23:52 I: Scheduler starts at tcp://*:5555 
2014-11-17 15:25:51 I: ------------------------ Starting a new connection ---------------------------
2014-11-17 15:25:51 I: The scheduller is actived at tcp://*:5555
2014-11-17 15:25:51 I: Scheduler starts at tcp://*:5555 
2014-11-17 15:26:12 I: ------------------------ Starting a new connection ---------------------------
2014-11-17 15:26:12 I: The scheduller is actived at tcp://*:5555
2014-11-17 15:26:12 I: Scheduler starts at tcp://*:5555 
2014-11-17 15:27:41 I: ------------------------ Starting a new connection ---------------------------
2014-11-17 15:27:41 I: The scheduller is actived at tcp://*:5555
2014-11-17 15:27:41 I: Scheduler starts at tcp://*:5555 
2014-11-17 15:33:52 I: ------------------------ Starting a new connection ---------------------------
2014-11-17 15:33:52 I: The scheduller is actived at tcp://*:5555
2014-11-17 15:33:52 I: Scheduler starts at tcp://*:5555 
2014-11-17 15:34:00 I: ------------------------ Starting a new connection ---------------------------
2014-11-17 15:34:00 I: The scheduller is actived at tcp://*:5555
2014-11-17 15:34:00 I: Scheduler starts at tcp://*:5555 
2014-11-17 17:49:41 I: ------------------------ Starting a new connection ---------------------------
2014-11-17 17:49:41 I: The scheduller is actived at tcp://*:5555
2014-11-17 17:49:41 I: Scheduler starts at tcp://*:5555 
2014-11-17 18:03:46 I: ------------------------ Starting a new connection ---------------------------
2014-11-17 18:03:46 I: The scheduller is actived at tcp://*:5555
2014-11-17 18:03:46 I: Scheduler starts at tcp://*:5555 
2014-11-17 18:18:27 I: ------------------------ Starting a new connection ---------------------------
2014-11-17 18:18:27 I: Scheduler starts at tcp://*:5555 
2014-11-17 18:20:47 I: ------------------------ Starting a new connection ---------------------------
2014-11-20 17:49:47 I: ------------------------ Starting a new connection ---------------------------
2014-11-25 22:29:36 I: ------------------------ Starting a new connection ---------------------------
2014-11-26 19:33:26 I: ------------------------ Starting a new connection ---------------------------
2014-11-26 19:42:08 I: ------------------------ Starting a new connection ---------------------------
2014-11-26 19:45:29 I: ------------------------ Starting a new connection ---------------------------
2014-11-26 19:45:59 I: ------------------------ Starting a new connection ---------------------------
2014-11-26 19:54:32 I: ------------------------ Starting a new connection ---------------------------
2014-11-26 19:57:41 I: ------------------------ Starting a new connection ---------------------------
2014-11-26 19:58:13 I: ------------------------ Starting a new connection ---------------------------
2014-11-26 19:58:44 I: ------------------------ Starting a new connection ---------------------------
2014-11-26 20:01:32 I: ------------------------ Starting a new connection ---------------------------
2014-11-27 14:29:01 I: ------------------------ Starting a new connection ---------------------------
2014-11-28 10:30:32 I: ------------------------ Starting a new connection ---------------------------
2014-11-28 10:30:51 I: ------------------------ Starting a new connection ---------------------------
2014-11-28 11:12:59 I: ------------------------ Starting a new connection ---------------------------
2014-12-03 17:31:32 I: ------------------------ Starting a new connection ---------------------------
2014-12-04 14:04:39 I: ------------------------ Starting a new connection ---------------------------
2014-12-08 17:15:25 I: ------------------------ Starting a new connection ---------------------------
2014-12-08 17:30:56 I: ------------------------ Starting a new connection ---------------------------
2014-12-08 18:51:09 I: ------------------------ Starting a new connection ---------------------------
2014-12-08 18:52:39 I: ------------------------ Starting a new connection ---------------------------
2014-12-08 18:53:01 I: ------------------------ Starting a new connection ---------------------------
2014-12-08 21:29:01 I: ------------------------ Starting a new connection ---------------------------
2014-12-08 21:30:36 I: ------------------------ Starting a new connection ---------------------------
2014-12-09 14:01:15 I: ------------------------ Starting a new connection ---------------------------
2014-12-09 14:03:53 I: ------------------------ Starting a new connection ---------------------------
2014-12-09 14:04:19 I: ------------------------ Starting a new connection ---------------------------
2014-12-09 14:04:56 I: ------------------------ Starting a new connection ---------------------------
2014-12-09 14:14:44 I: ------------------------ Starting a new connection ---------------------------
2014-12-09 14:16:16 I: ------------------------ Starting a new connection ---------------------------
2014-12-09 14:17:29 I: ------------------------ Starting a new connection ---------------------------
2014-12-09 14:25:03 I: ------------------------ Starting a new connection ---------------------------
2014-12-09 14:27:21 I: ------------------------ Starting a new connection ---------------------------
2014-12-09 14:29:40 I: ------------------------ Starting a new connection ---------------------------
2014-12-09 14:30:26 I: ------------------------ Starting a new connection ---------------------------
2014-12-09 14:30:51 I: ------------------------ Starting a new connection ---------------------------
2014-12-09 14:31:57 I: ------------------------ Starting a new connection ---------------------------
2014-12-09 14:33:20 I: ------------------------ Starting a new connection ---------------------------
2014-12-09 14:34:09 I: ------------------------ Starting a new connection ---------------------------
2014-12-09 14:48:19 I: ------------------------ Starting a new connection ---------------------------
2014-12-09 14:49:02 I: ------------------------ Starting a new connection ---------------------------
2014-12-09 14:51:57 I: ------------------------ Starting a new connection ---------------------------
2014-12-09 14:52:45 I: ------------------------ Starting a new connection ---------------------------
2014-12-09 14:53:47 I: ------------------------ Starting a new connection ---------------------------
2014-12-10 14:23:32 I: ------------------------ Starting a new connection ---------------------------
2014-12-10 14:26:11 I: ------------------------ Starting a new connection ---------------------------
2014-12-10 14:44:14 I: ------------------------ Starting a new connection ---------------------------
2014-12-10 14:44:39 I: ------------------------ Starting a new connection ---------------------------
2014-12-10 14:45:05 I: ------------------------ Starting a new connection ---------------------------
2014-12-10 14:56:16 I: ------------------------ Starting a new connection ---------------------------
2014-12-10 14:58:58 I: ------------------------ Starting a new connection ---------------------------
2014-12-10 14:59:48 I: ------------------------ Starting a new connection ---------------------------
2014-12-10 15:14:43 I: ------------------------ Starting a new connection ---------------------------
2014-12-10 15:15:19 I: ------------------------ Starting a new connection ---------------------------
2014-12-10 15:31:32 I: ------------------------ Starting a new connection ---------------------------
2014-12-10 15:41:57 I: ------------------------ Starting a new connection ---------------------------
2014-12-10 15:42:43 I: ------------------------ Starting a new connection ---------------------------
2014-12-11 15:06:07 I: ------------------------ Starting a new connection ---------------------------
2014-12-11 15:09:25 I: ------------------------ Starting a new connection ---------------------------
2014-12-11 15:13:44 I: ------------------------ Starting a new connection ---------------------------
2014-12-11 15:17:24 I: ------------------------ Starting a new connection ---------------------------
2014-12-11 15:26:09 I: ------------------------ Starting a new connection ---------------------------
2014-12-11 15:26:46 I: ------------------------ Starting a new connection ---------------------------
2014-12-11 15:28:47 I: ------------------------ Starting a new connection ---------------------------
2014-12-11 15:31:25 I: ------------------------ Starting a new connection ---------------------------
2014-12-11 15:33:08 I: ------------------------ Starting a new connection ---------------------------
2014-12-11 15:33:41 I: ------------------------ Starting a new connection ---------------------------
